panic: runtime error: invalid memory address or nil pointer dereference
[signal SIGSEGV: segmentation violation code=0x1 addr=0x0 pc=0x16037e5]

goroutine 1 [running]:
github.com/go-swagger/go-swagger/vendor/golang.org/x/tools/imports.(*pass).importIdentifier(...)
	/go/src/github.com/go-swagger/go-swagger/vendor/golang.org/x/tools/imports/fix.go:307
github.com/go-swagger/go-swagger/vendor/golang.org/x/tools/imports.(*pass).load(0xc00139d480, 0xc00139d480)
	/go/src/github.com/go-swagger/go-swagger/vendor/golang.org/x/tools/imports/fix.go:339 +0x525
github.com/go-swagger/go-swagger/vendor/golang.org/x/tools/imports.fixImportsDefault(0xc001a75100, 0xc000bd0f80, 0xc001b1f560, 0x17, 0xd63, 0x1346)
	/go/src/github.com/go-swagger/go-swagger/vendor/golang.org/x/tools/imports/fix.go:504 +0x2f9
github.com/go-swagger/go-swagger/vendor/golang.org/x/tools/imports.Process(0xc001b1f560, 0x17, 0xc0002b2000, 0xd63, 0x1346, 0xc0016a02c0, 0xc001b1e493, 0x4, 0xc0016a02f8, 0x10981e1, ...)
	/go/src/github.com/go-swagger/go-swagger/vendor/golang.org/x/tools/imports/imports.go:66 +0x72b
github.com/go-swagger/go-swagger/generator.GoLangOpts.func1(0xc001b1f560, 0x17, 0xc0002b2000, 0xd63, 0x1346, 0xc0016a0338, 0x1090f75, 0x0, 0x0, 0x0)
	/go/src/github.com/go-swagger/go-swagger/generator/shared.go:196 +0x99
github.com/go-swagger/go-swagger/generator.(*LanguageOpts).FormatContent(0xc000030100, 0xc001b1f560, 0x17, 0xc0002b2000, 0xd63, 0x1346, 0x1346, 0x0, 0x0, 0x0, ...)
	/go/src/github.com/go-swagger/go-swagger/generator/shared.go:117 +0x6f
github.com/go-swagger/go-swagger/generator.(*GenOpts).write(0xc0002fa200, 0xc0016a0700, 0x1727ea0, 0xc001d9ef00, 0x0, 0x0)
	/go/src/github.com/go-swagger/go-swagger/generator/shared.go:835 +0x6e0
github.com/go-swagger/go-swagger/generator.(*GenOpts).renderOperation(0xc0002fa200, 0xc001d9ef00, 0x0, 0x0)
	/go/src/github.com/go-swagger/go-swagger/generator/shared.go:908 +0x225
github.com/go-swagger/go-swagger/generator.(*appGenerator).Generate(0xc0004bef00, 0x0, 0x0)
	/go/src/github.com/go-swagger/go-swagger/generator/support.go:237 +0x382
github.com/go-swagger/go-swagger/generator.GenerateServer(0x0, 0x0, 0x0, 0x0, 0x0, 0x0, 0x0, 0x0, 0xc0002fa200, 0x180aa80, ...)
	/go/src/github.com/go-swagger/go-swagger/generator/support.go:44 +0xcb
github.com/go-swagger/go-swagger/cmd/swagger/commands/generate.(*Server).generate(0xc00015a4e0, 0xc0002fa200, 0x0, 0x0)
	/go/src/github.com/go-swagger/go-swagger/cmd/swagger/commands/generate/server.go:90 +0x94
github.com/go-swagger/go-swagger/cmd/swagger/commands/generate.createSwagger(0x1980160, 0xc00015a4e0, 0x141c301, 0x25b00c0)
	/go/src/github.com/go-swagger/go-swagger/cmd/swagger/commands/generate/shared.go:157 +0x1b1
github.com/go-swagger/go-swagger/cmd/swagger/commands/generate.(*Server).Execute(0xc00015a4e0, 0xc00011a360, 0x0, 0x6, 0xc00015a4e0, 0x1)
	/go/src/github.com/go-swagger/go-swagger/cmd/swagger/commands/generate/server.go:114 +0x37
github.com/go-swagger/go-swagger/vendor/github.com/jessevdk/go-flags.(*Parser).ParseArgs(0xc000083f80, 0xc0000aa010, 0x6, 0x6, 0x100bd38, 0x30, 0x17fc920, 0xc0000c8ab0, 0xc00045d100)
	/go/src/github.com/go-swagger/go-swagger/vendor/github.com/jessevdk/go-flags/parser.go:316 +0x80b
github.com/go-swagger/go-swagger/vendor/github.com/jessevdk/go-flags.(*Parser).Parse(0xc000083f80, 0x6, 0x18525e7, 0x6, 0x0, 0x188bb64)
	/go/src/github.com/go-swagger/go-swagger/vendor/github.com/jessevdk/go-flags/parser.go:186 +0x71
main.main()
	/go/src/github.com/go-swagger/go-swagger/cmd/swagger/swagger.go:140 +0xb68
make: *** [Makefile:12: generate_server] Error 2
